CRITICAL - 2023-08-02 00:07:45 --> Undefined array key "nombre_prod"
in APPPATH\Controllers\C_productos.php on line 23.
 1 APPPATH\Controllers\C_productos.php(23): CodeIgniter\Debug\Exceptions->errorHandler(2, 'Undefined array key "nombre_prod"', 'C:\\xampp\\htdocs\\crudtienda\\app\\Controllers\\C_productos.php', 23)
 2 SYSTEMPATH\CodeIgniter.php(932): App\Controllers\C_productos->insertar()
 3 SYSTEMPATH\CodeIgniter.php(497): CodeIgniter\CodeIgniter->runController(Object(App\Controllers\C_productos))
 4 SYSTEMPATH\CodeIgniter.php(366): CodeIgniter\CodeIgniter->handleRequest(null, Object(Config\Cache), false)
 5 FCPATH\index.php(67): CodeIgniter\CodeIgniter->run()
CRITICAL - 2023-08-02 00:10:27 --> Undefined array key "nombre_prod"
in APPPATH\Controllers\C_productos.php on line 23.
 1 APPPATH\Controllers\C_productos.php(23): CodeIgniter\Debug\Exceptions->errorHandler(2, 'Undefined array key "nombre_prod"', 'C:\\xampp\\htdocs\\crudtienda\\app\\Controllers\\C_productos.php', 23)
 2 SYSTEMPATH\CodeIgniter.php(932): App\Controllers\C_productos->insertar()
 3 SYSTEMPATH\CodeIgniter.php(497): CodeIgniter\CodeIgniter->runController(Object(App\Controllers\C_productos))
 4 SYSTEMPATH\CodeIgniter.php(366): CodeIgniter\CodeIgniter->handleRequest(null, Object(Config\Cache), false)
 5 FCPATH\index.php(67): CodeIgniter\CodeIgniter->run()
CRITICAL - 2023-08-02 00:12:53 --> Undefined array key "nombre_prod"
in APPPATH\Controllers\C_productos.php on line 23.
 1 APPPATH\Controllers\C_productos.php(23): CodeIgniter\Debug\Exceptions->errorHandler(2, 'Undefined array key "nombre_prod"', 'C:\\xampp\\htdocs\\crudtienda\\app\\Controllers\\C_productos.php', 23)
 2 SYSTEMPATH\CodeIgniter.php(932): App\Controllers\C_productos->insertar()
 3 SYSTEMPATH\CodeIgniter.php(497): CodeIgniter\CodeIgniter->runController(Object(App\Controllers\C_productos))
 4 SYSTEMPATH\CodeIgniter.php(366): CodeIgniter\CodeIgniter->handleRequest(null, Object(Config\Cache), false)
 5 FCPATH\index.php(67): CodeIgniter\CodeIgniter->run()
ERROR - 2023-08-02 00:21:38 --> mysqli_sql_exception: Duplicate entry '0' for key 'productos.PRIMARY' in C:\xampp\htdocs\crudtienda\system\Database\MySQLi\Connection.php:295
Stack trace:
#0 C:\xampp\htdocs\crudtienda\system\Database\MySQLi\Connection.php(295): mysqli->query('INSERT INTO `pr...', 0)
#1 C:\xampp\htdocs\crudtienda\system\Database\BaseConnection.php(692): CodeIgniter\Database\MySQLi\Connection->execute('INSERT INTO `pr...')
#2 C:\xampp\htdocs\crudtienda\system\Database\BaseConnection.php(606): CodeIgniter\Database\BaseConnection->simpleQuery('INSERT INTO `pr...')
#3 C:\xampp\htdocs\crudtienda\system\Database\BaseBuilder.php(2309): CodeIgniter\Database\BaseConnection->query('INSERT INTO `pr...', Array, false)
#4 C:\xampp\htdocs\crudtienda\system\Model.php(330): CodeIgniter\Database\BaseBuilder->insert()
#5 C:\xampp\htdocs\crudtienda\system\BaseModel.php(782): CodeIgniter\Model->doInsert(Array)
#6 C:\xampp\htdocs\crudtienda\system\Model.php(730): CodeIgniter\BaseModel->insert(Array, true)
#7 C:\xampp\htdocs\crudtienda\app\Controllers\C_productos.php(31): CodeIgniter\Model->insert(Array)
#8 C:\xampp\htdocs\crudtienda\system\CodeIgniter.php(932): App\Controllers\C_productos->insertar()
#9 C:\xampp\htdocs\crudtienda\system\CodeIgniter.php(497): CodeIgniter\CodeIgniter->runController(Object(App\Controllers\C_productos))
#10 C:\xampp\htdocs\crudtienda\system\CodeIgniter.php(366): CodeIgniter\CodeIgniter->handleRequest(NULL, Object(Config\Cache), false)
#11 C:\xampp\htdocs\crudtienda\public\index.php(67): CodeIgniter\CodeIgniter->run()
#12 {main}
CRITICAL - 2023-08-02 00:21:38 --> Duplicate entry '0' for key 'productos.PRIMARY'
in SYSTEMPATH\Database\MySQLi\Connection.php on line 295.
 1 SYSTEMPATH\Database\MySQLi\Connection.php(295): mysqli->query('INSERT INTO `productos` (`nombre_prod`, `marca_prod`, `categoria_prod`, `importado_prod`, `descrip_prod`, `precio_prod`) VALUES (\'Television\', \'Huawei\', \'Tecnologia\', \'No\', \'Smart tv de 42 pulgadas. hd, 4k, chromecast, color gris\', \'425.00\')', 0)
 2 SYSTEMPATH\Database\BaseConnection.php(692): CodeIgniter\Database\MySQLi\Connection->execute('INSERT INTO `productos` (`nombre_prod`, `marca_prod`, `categoria_prod`, `importado_prod`, `descrip_prod`, `precio_prod`) VALUES (\'Television\', \'Huawei\', \'Tecnologia\', \'No\', \'Smart tv de 42 pulgadas. hd, 4k, chromecast, color gris\', \'425.00\')')
 3 SYSTEMPATH\Database\BaseConnection.php(606): CodeIgniter\Database\BaseConnection->simpleQuery('INSERT INTO `productos` (`nombre_prod`, `marca_prod`, `categoria_prod`, `importado_prod`, `descrip_prod`, `precio_prod`) VALUES (\'Television\', \'Huawei\', \'Tecnologia\', \'No\', \'Smart tv de 42 pulgadas. hd, 4k, chromecast, color gris\', \'425.00\')')
 4 SYSTEMPATH\Database\BaseBuilder.php(2309): CodeIgniter\Database\BaseConnection->query('INSERT INTO `productos` (`nombre_prod`, `marca_prod`, `categoria_prod`, `importado_prod`, `descrip_prod`, `precio_prod`) VALUES (:nombre_prod:, :marca_prod:, :categoria_prod:, :importado_prod:, :descrip_prod:, :precio_prod:)', [...], false)
 5 SYSTEMPATH\Model.php(330): CodeIgniter\Database\BaseBuilder->insert()
 6 SYSTEMPATH\BaseModel.php(782): CodeIgniter\Model->doInsert([...])
 7 SYSTEMPATH\Model.php(730): CodeIgniter\BaseModel->insert([...], true)
 8 APPPATH\Controllers\C_productos.php(31): CodeIgniter\Model->insert([...])
 9 SYSTEMPATH\CodeIgniter.php(932): App\Controllers\C_productos->insertar()
10 SYSTEMPATH\CodeIgniter.php(497): CodeIgniter\CodeIgniter->runController(Object(App\Controllers\C_productos))
11 SYSTEMPATH\CodeIgniter.php(366): CodeIgniter\CodeIgniter->handleRequest(null, Object(Config\Cache), false)
12 FCPATH\index.php(67): CodeIgniter\CodeIgniter->run()
ERROR - 2023-08-02 00:22:05 --> mysqli_sql_exception: Duplicate entry '0' for key 'productos.PRIMARY' in C:\xampp\htdocs\crudtienda\system\Database\MySQLi\Connection.php:295
Stack trace:
#0 C:\xampp\htdocs\crudtienda\system\Database\MySQLi\Connection.php(295): mysqli->query('INSERT INTO `pr...', 0)
#1 C:\xampp\htdocs\crudtienda\system\Database\BaseConnection.php(692): CodeIgniter\Database\MySQLi\Connection->execute('INSERT INTO `pr...')
#2 C:\xampp\htdocs\crudtienda\system\Database\BaseConnection.php(606): CodeIgniter\Database\BaseConnection->simpleQuery('INSERT INTO `pr...')
#3 C:\xampp\htdocs\crudtienda\system\Database\BaseBuilder.php(2309): CodeIgniter\Database\BaseConnection->query('INSERT INTO `pr...', Array, false)
#4 C:\xampp\htdocs\crudtienda\system\Model.php(330): CodeIgniter\Database\BaseBuilder->insert()
#5 C:\xampp\htdocs\crudtienda\system\BaseModel.php(782): CodeIgniter\Model->doInsert(Array)
#6 C:\xampp\htdocs\crudtienda\system\Model.php(730): CodeIgniter\BaseModel->insert(Array, true)
#7 C:\xampp\htdocs\crudtienda\app\Controllers\C_productos.php(31): CodeIgniter\Model->insert(Array)
#8 C:\xampp\htdocs\crudtienda\system\CodeIgniter.php(932): App\Controllers\C_productos->insertar()
#9 C:\xampp\htdocs\crudtienda\system\CodeIgniter.php(497): CodeIgniter\CodeIgniter->runController(Object(App\Controllers\C_productos))
#10 C:\xampp\htdocs\crudtienda\system\CodeIgniter.php(366): CodeIgniter\CodeIgniter->handleRequest(NULL, Object(Config\Cache), false)
#11 C:\xampp\htdocs\crudtienda\public\index.php(67): CodeIgniter\CodeIgniter->run()
#12 {main}
CRITICAL - 2023-08-02 00:22:05 --> Duplicate entry '0' for key 'productos.PRIMARY'
in SYSTEMPATH\Database\MySQLi\Connection.php on line 295.
 1 SYSTEMPATH\Database\MySQLi\Connection.php(295): mysqli->query('INSERT INTO `productos` (`nombre_prod`, `marca_prod`, `categoria_prod`, `importado_prod`, `descrip_prod`, `precio_prod`) VALUES (\'Television\', \'Huawei\', \'Tecnologia\', \'No\', \'Smart tv de 42 pulgadas. hd, 4k, chromecast, color gris\', \'425.00\')', 0)
 2 SYSTEMPATH\Database\BaseConnection.php(692): CodeIgniter\Database\MySQLi\Connection->execute('INSERT INTO `productos` (`nombre_prod`, `marca_prod`, `categoria_prod`, `importado_prod`, `descrip_prod`, `precio_prod`) VALUES (\'Television\', \'Huawei\', \'Tecnologia\', \'No\', \'Smart tv de 42 pulgadas. hd, 4k, chromecast, color gris\', \'425.00\')')
 3 SYSTEMPATH\Database\BaseConnection.php(606): CodeIgniter\Database\BaseConnection->simpleQuery('INSERT INTO `productos` (`nombre_prod`, `marca_prod`, `categoria_prod`, `importado_prod`, `descrip_prod`, `precio_prod`) VALUES (\'Television\', \'Huawei\', \'Tecnologia\', \'No\', \'Smart tv de 42 pulgadas. hd, 4k, chromecast, color gris\', \'425.00\')')
 4 SYSTEMPATH\Database\BaseBuilder.php(2309): CodeIgniter\Database\BaseConnection->query('INSERT INTO `productos` (`nombre_prod`, `marca_prod`, `categoria_prod`, `importado_prod`, `descrip_prod`, `precio_prod`) VALUES (:nombre_prod:, :marca_prod:, :categoria_prod:, :importado_prod:, :descrip_prod:, :precio_prod:)', [...], false)
 5 SYSTEMPATH\Model.php(330): CodeIgniter\Database\BaseBuilder->insert()
 6 SYSTEMPATH\BaseModel.php(782): CodeIgniter\Model->doInsert([...])
 7 SYSTEMPATH\Model.php(730): CodeIgniter\BaseModel->insert([...], true)
 8 APPPATH\Controllers\C_productos.php(31): CodeIgniter\Model->insert([...])
 9 SYSTEMPATH\CodeIgniter.php(932): App\Controllers\C_productos->insertar()
10 SYSTEMPATH\CodeIgniter.php(497): CodeIgniter\CodeIgniter->runController(Object(App\Controllers\C_productos))
11 SYSTEMPATH\CodeIgniter.php(366): CodeIgniter\CodeIgniter->handleRequest(null, Object(Config\Cache), false)
12 FCPATH\index.php(67): CodeIgniter\CodeIgniter->run()
ERROR - 2023-08-02 00:22:21 --> mysqli_sql_exception: Duplicate entry '0' for key 'productos.PRIMARY' in C:\xampp\htdocs\crudtienda\system\Database\MySQLi\Connection.php:295
Stack trace:
#0 C:\xampp\htdocs\crudtienda\system\Database\MySQLi\Connection.php(295): mysqli->query('INSERT INTO `pr...', 0)
#1 C:\xampp\htdocs\crudtienda\system\Database\BaseConnection.php(692): CodeIgniter\Database\MySQLi\Connection->execute('INSERT INTO `pr...')
#2 C:\xampp\htdocs\crudtienda\system\Database\BaseConnection.php(606): CodeIgniter\Database\BaseConnection->simpleQuery('INSERT INTO `pr...')
#3 C:\xampp\htdocs\crudtienda\system\Database\BaseBuilder.php(2309): CodeIgniter\Database\BaseConnection->query('INSERT INTO `pr...', Array, false)
#4 C:\xampp\htdocs\crudtienda\system\Model.php(330): CodeIgniter\Database\BaseBuilder->insert()
#5 C:\xampp\htdocs\crudtienda\system\BaseModel.php(782): CodeIgniter\Model->doInsert(Array)
#6 C:\xampp\htdocs\crudtienda\system\Model.php(730): CodeIgniter\BaseModel->insert(Array, true)
#7 C:\xampp\htdocs\crudtienda\app\Controllers\C_productos.php(31): CodeIgniter\Model->insert(Array)
#8 C:\xampp\htdocs\crudtienda\system\CodeIgniter.php(932): App\Controllers\C_productos->insertar()
#9 C:\xampp\htdocs\crudtienda\system\CodeIgniter.php(497): CodeIgniter\CodeIgniter->runController(Object(App\Controllers\C_productos))
#10 C:\xampp\htdocs\crudtienda\system\CodeIgniter.php(366): CodeIgniter\CodeIgniter->handleRequest(NULL, Object(Config\Cache), false)
#11 C:\xampp\htdocs\crudtienda\public\index.php(67): CodeIgniter\CodeIgniter->run()
#12 {main}
CRITICAL - 2023-08-02 00:22:21 --> Duplicate entry '0' for key 'productos.PRIMARY'
in SYSTEMPATH\Database\MySQLi\Connection.php on line 295.
 1 SYSTEMPATH\Database\MySQLi\Connection.php(295): mysqli->query('INSERT INTO `productos` (`nombre_prod`, `marca_prod`, `categoria_prod`, `importado_prod`, `descrip_prod`, `precio_prod`) VALUES (\'Television\', \'Huawei\', \'Tecnologia\', \'No\', \'Smart tv de 42 pulgadas. hd, 4k, chromecast, color gris\', \'425.00\')', 0)
 2 SYSTEMPATH\Database\BaseConnection.php(692): CodeIgniter\Database\MySQLi\Connection->execute('INSERT INTO `productos` (`nombre_prod`, `marca_prod`, `categoria_prod`, `importado_prod`, `descrip_prod`, `precio_prod`) VALUES (\'Television\', \'Huawei\', \'Tecnologia\', \'No\', \'Smart tv de 42 pulgadas. hd, 4k, chromecast, color gris\', \'425.00\')')
 3 SYSTEMPATH\Database\BaseConnection.php(606): CodeIgniter\Database\BaseConnection->simpleQuery('INSERT INTO `productos` (`nombre_prod`, `marca_prod`, `categoria_prod`, `importado_prod`, `descrip_prod`, `precio_prod`) VALUES (\'Television\', \'Huawei\', \'Tecnologia\', \'No\', \'Smart tv de 42 pulgadas. hd, 4k, chromecast, color gris\', \'425.00\')')
 4 SYSTEMPATH\Database\BaseBuilder.php(2309): CodeIgniter\Database\BaseConnection->query('INSERT INTO `productos` (`nombre_prod`, `marca_prod`, `categoria_prod`, `importado_prod`, `descrip_prod`, `precio_prod`) VALUES (:nombre_prod:, :marca_prod:, :categoria_prod:, :importado_prod:, :descrip_prod:, :precio_prod:)', [...], false)
 5 SYSTEMPATH\Model.php(330): CodeIgniter\Database\BaseBuilder->insert()
 6 SYSTEMPATH\BaseModel.php(782): CodeIgniter\Model->doInsert([...])
 7 SYSTEMPATH\Model.php(730): CodeIgniter\BaseModel->insert([...], true)
 8 APPPATH\Controllers\C_productos.php(31): CodeIgniter\Model->insert([...])
 9 SYSTEMPATH\CodeIgniter.php(932): App\Controllers\C_productos->insertar()
10 SYSTEMPATH\CodeIgniter.php(497): CodeIgniter\CodeIgniter->runController(Object(App\Controllers\C_productos))
11 SYSTEMPATH\CodeIgniter.php(366): CodeIgniter\CodeIgniter->handleRequest(null, Object(Config\Cache), false)
12 FCPATH\index.php(67): CodeIgniter\CodeIgniter->run()
ERROR - 2023-08-02 00:25:32 --> mysqli_sql_exception: Duplicate entry '0' for key 'productos.PRIMARY' in C:\xampp\htdocs\crudtienda\system\Database\MySQLi\Connection.php:295
Stack trace:
#0 C:\xampp\htdocs\crudtienda\system\Database\MySQLi\Connection.php(295): mysqli->query('INSERT INTO `pr...', 0)
#1 C:\xampp\htdocs\crudtienda\system\Database\BaseConnection.php(692): CodeIgniter\Database\MySQLi\Connection->execute('INSERT INTO `pr...')
#2 C:\xampp\htdocs\crudtienda\system\Database\BaseConnection.php(606): CodeIgniter\Database\BaseConnection->simpleQuery('INSERT INTO `pr...')
#3 C:\xampp\htdocs\crudtienda\system\Database\BaseBuilder.php(2309): CodeIgniter\Database\BaseConnection->query('INSERT INTO `pr...', Array, false)
#4 C:\xampp\htdocs\crudtienda\system\Model.php(330): CodeIgniter\Database\BaseBuilder->insert()
#5 C:\xampp\htdocs\crudtienda\system\BaseModel.php(782): CodeIgniter\Model->doInsert(Array)
#6 C:\xampp\htdocs\crudtienda\system\Model.php(730): CodeIgniter\BaseModel->insert(Array, true)
#7 C:\xampp\htdocs\crudtienda\app\Controllers\C_productos.php(31): CodeIgniter\Model->insert(Array)
#8 C:\xampp\htdocs\crudtienda\system\CodeIgniter.php(932): App\Controllers\C_productos->insertar()
#9 C:\xampp\htdocs\crudtienda\system\CodeIgniter.php(497): CodeIgniter\CodeIgniter->runController(Object(App\Controllers\C_productos))
#10 C:\xampp\htdocs\crudtienda\system\CodeIgniter.php(366): CodeIgniter\CodeIgniter->handleRequest(NULL, Object(Config\Cache), false)
#11 C:\xampp\htdocs\crudtienda\public\index.php(67): CodeIgniter\CodeIgniter->run()
#12 {main}
CRITICAL - 2023-08-02 00:25:32 --> Duplicate entry '0' for key 'productos.PRIMARY'
in SYSTEMPATH\Database\MySQLi\Connection.php on line 295.
 1 SYSTEMPATH\Database\MySQLi\Connection.php(295): mysqli->query('INSERT INTO `productos` (`nombre_prod`, `marca_prod`, `categoria_prod`, `importado_prod`, `descrip_prod`, `precio_prod`) VALUES (\'Television\', \'Huawei\', \'Tecnologia\', \'No\', \'Celular con 4 gb de ram, 128 gb de rom y 90 Hz de refresco de pantalla\', \'425.00\')', 0)
 2 SYSTEMPATH\Database\BaseConnection.php(692): CodeIgniter\Database\MySQLi\Connection->execute('INSERT INTO `productos` (`nombre_prod`, `marca_prod`, `categoria_prod`, `importado_prod`, `descrip_prod`, `precio_prod`) VALUES (\'Television\', \'Huawei\', \'Tecnologia\', \'No\', \'Celular con 4 gb de ram, 128 gb de rom y 90 Hz de refresco de pantalla\', \'425.00\')')
 3 SYSTEMPATH\Database\BaseConnection.php(606): CodeIgniter\Database\BaseConnection->simpleQuery('INSERT INTO `productos` (`nombre_prod`, `marca_prod`, `categoria_prod`, `importado_prod`, `descrip_prod`, `precio_prod`) VALUES (\'Television\', \'Huawei\', \'Tecnologia\', \'No\', \'Celular con 4 gb de ram, 128 gb de rom y 90 Hz de refresco de pantalla\', \'425.00\')')
 4 SYSTEMPATH\Database\BaseBuilder.php(2309): CodeIgniter\Database\BaseConnection->query('INSERT INTO `productos` (`nombre_prod`, `marca_prod`, `categoria_prod`, `importado_prod`, `descrip_prod`, `precio_prod`) VALUES (:nombre_prod:, :marca_prod:, :categoria_prod:, :importado_prod:, :descrip_prod:, :precio_prod:)', [...], false)
 5 SYSTEMPATH\Model.php(330): CodeIgniter\Database\BaseBuilder->insert()
 6 SYSTEMPATH\BaseModel.php(782): CodeIgniter\Model->doInsert([...])
 7 SYSTEMPATH\Model.php(730): CodeIgniter\BaseModel->insert([...], true)
 8 APPPATH\Controllers\C_productos.php(31): CodeIgniter\Model->insert([...])
 9 SYSTEMPATH\CodeIgniter.php(932): App\Controllers\C_productos->insertar()
10 SYSTEMPATH\CodeIgniter.php(497): CodeIgniter\CodeIgniter->runController(Object(App\Controllers\C_productos))
11 SYSTEMPATH\CodeIgniter.php(366): CodeIgniter\CodeIgniter->handleRequest(null, Object(Config\Cache), false)
12 FCPATH\index.php(67): CodeIgniter\CodeIgniter->run()
ERROR - 2023-08-02 00:36:56 --> mysqli_sql_exception: Duplicate entry '0' for key 'productos.PRIMARY' in C:\xampp\htdocs\crudtienda\system\Database\MySQLi\Connection.php:295
Stack trace:
#0 C:\xampp\htdocs\crudtienda\system\Database\MySQLi\Connection.php(295): mysqli->query('INSERT INTO `pr...', 0)
#1 C:\xampp\htdocs\crudtienda\system\Database\BaseConnection.php(692): CodeIgniter\Database\MySQLi\Connection->execute('INSERT INTO `pr...')
#2 C:\xampp\htdocs\crudtienda\system\Database\BaseConnection.php(606): CodeIgniter\Database\BaseConnection->simpleQuery('INSERT INTO `pr...')
#3 C:\xampp\htdocs\crudtienda\system\Database\BaseBuilder.php(2309): CodeIgniter\Database\BaseConnection->query('INSERT INTO `pr...', Array, false)
#4 C:\xampp\htdocs\crudtienda\system\Model.php(330): CodeIgniter\Database\BaseBuilder->insert()
#5 C:\xampp\htdocs\crudtienda\system\BaseModel.php(782): CodeIgniter\Model->doInsert(Array)
#6 C:\xampp\htdocs\crudtienda\system\Model.php(730): CodeIgniter\BaseModel->insert(Array, true)
#7 C:\xampp\htdocs\crudtienda\app\Controllers\C_productos.php(31): CodeIgniter\Model->insert(Array)
#8 C:\xampp\htdocs\crudtienda\system\CodeIgniter.php(932): App\Controllers\C_productos->insertar()
#9 C:\xampp\htdocs\crudtienda\system\CodeIgniter.php(497): CodeIgniter\CodeIgniter->runController(Object(App\Controllers\C_productos))
#10 C:\xampp\htdocs\crudtienda\system\CodeIgniter.php(366): CodeIgniter\CodeIgniter->handleRequest(NULL, Object(Config\Cache), false)
#11 C:\xampp\htdocs\crudtienda\public\index.php(67): CodeIgniter\CodeIgniter->run()
#12 {main}
CRITICAL - 2023-08-02 00:36:56 --> Duplicate entry '0' for key 'productos.PRIMARY'
in SYSTEMPATH\Database\MySQLi\Connection.php on line 295.
 1 SYSTEMPATH\Database\MySQLi\Connection.php(295): mysqli->query('INSERT INTO `productos` (`nombre_prod`, `marca_prod`, `categoria_prod`, `importado_prod`, `descrip_prod`, `precio_prod`) VALUES (\'Television\', \'Huawei\', \'Tecnologia\', \'Si\', \'Smart tv de 42 pulgadas. hd, 4k, chromecast, color gris\', \'425.00\')', 0)
 2 SYSTEMPATH\Database\BaseConnection.php(692): CodeIgniter\Database\MySQLi\Connection->execute('INSERT INTO `productos` (`nombre_prod`, `marca_prod`, `categoria_prod`, `importado_prod`, `descrip_prod`, `precio_prod`) VALUES (\'Television\', \'Huawei\', \'Tecnologia\', \'Si\', \'Smart tv de 42 pulgadas. hd, 4k, chromecast, color gris\', \'425.00\')')
 3 SYSTEMPATH\Database\BaseConnection.php(606): CodeIgniter\Database\BaseConnection->simpleQuery('INSERT INTO `productos` (`nombre_prod`, `marca_prod`, `categoria_prod`, `importado_prod`, `descrip_prod`, `precio_prod`) VALUES (\'Television\', \'Huawei\', \'Tecnologia\', \'Si\', \'Smart tv de 42 pulgadas. hd, 4k, chromecast, color gris\', \'425.00\')')
 4 SYSTEMPATH\Database\BaseBuilder.php(2309): CodeIgniter\Database\BaseConnection->query('INSERT INTO `productos` (`nombre_prod`, `marca_prod`, `categoria_prod`, `importado_prod`, `descrip_prod`, `precio_prod`) VALUES (:nombre_prod:, :marca_prod:, :categoria_prod:, :importado_prod:, :descrip_prod:, :precio_prod:)', [...], false)
 5 SYSTEMPATH\Model.php(330): CodeIgniter\Database\BaseBuilder->insert()
 6 SYSTEMPATH\BaseModel.php(782): CodeIgniter\Model->doInsert([...])
 7 SYSTEMPATH\Model.php(730): CodeIgniter\BaseModel->insert([...], true)
 8 APPPATH\Controllers\C_productos.php(31): CodeIgniter\Model->insert([...])
 9 SYSTEMPATH\CodeIgniter.php(932): App\Controllers\C_productos->insertar()
10 SYSTEMPATH\CodeIgniter.php(497): CodeIgniter\CodeIgniter->runController(Object(App\Controllers\C_productos))
11 SYSTEMPATH\CodeIgniter.php(366): CodeIgniter\CodeIgniter->handleRequest(null, Object(Config\Cache), false)
12 FCPATH\index.php(67): CodeIgniter\CodeIgniter->run()
CRITICAL - 2023-08-02 00:59:13 --> include(templates/footer.php): Failed to open stream: No such file or directory
in APPPATH\Views\tienda\lista.php on line 56.
 1 APPPATH\Views\tienda\lista.php(56): CodeIgniter\Debug\Exceptions->errorHandler(2, 'include(templates/footer.php): Failed to open stream: No such file or directory', 'C:\\xampp\\htdocs\\crudtienda\\app\\Views\\tienda\\lista.php', 56)
 2 APPPATH\Views\tienda\lista.php(56): include()
 3 SYSTEMPATH\View\View.php(224): include('C:\\xampp\\htdocs\\crudtienda\\app\\Views\\tienda\\lista.php')
 4 SYSTEMPATH\View\View.php(227): CodeIgniter\View\View->CodeIgniter\View\{closure}()
 5 SYSTEMPATH\Common.php(1180): CodeIgniter\View\View->render('tienda/lista', [], true)
 6 APPPATH\Controllers\C_productos.php(11): view('tienda/lista', [...])
 7 SYSTEMPATH\CodeIgniter.php(932): App\Controllers\C_productos->listar()
 8 SYSTEMPATH\CodeIgniter.php(497): CodeIgniter\CodeIgniter->runController(Object(App\Controllers\C_productos))
 9 SYSTEMPATH\CodeIgniter.php(366): CodeIgniter\CodeIgniter->handleRequest(null, Object(Config\Cache), false)
10 FCPATH\index.php(67): CodeIgniter\CodeIgniter->run()
CRITICAL - 2023-08-02 01:12:45 --> include(templates/footer.php): Failed to open stream: No such file or directory
in APPPATH\Views\tienda\lista.php on line 56.
 1 APPPATH\Views\tienda\lista.php(56): CodeIgniter\Debug\Exceptions->errorHandler(2, 'include(templates/footer.php): Failed to open stream: No such file or directory', 'C:\\xampp\\htdocs\\crudtienda\\app\\Views\\tienda\\lista.php', 56)
 2 APPPATH\Views\tienda\lista.php(56): include()
 3 SYSTEMPATH\View\View.php(224): include('C:\\xampp\\htdocs\\crudtienda\\app\\Views\\tienda\\lista.php')
 4 SYSTEMPATH\View\View.php(227): CodeIgniter\View\View->CodeIgniter\View\{closure}()
 5 SYSTEMPATH\Common.php(1180): CodeIgniter\View\View->render('tienda/lista', [], true)
 6 APPPATH\Controllers\C_productos.php(11): view('tienda/lista', [...])
 7 SYSTEMPATH\CodeIgniter.php(932): App\Controllers\C_productos->listar()
 8 SYSTEMPATH\CodeIgniter.php(497): CodeIgniter\CodeIgniter->runController(Object(App\Controllers\C_productos))
 9 SYSTEMPATH\CodeIgniter.php(366): CodeIgniter\CodeIgniter->handleRequest(null, Object(Config\Cache), false)
10 FCPATH\index.php(67): CodeIgniter\CodeIgniter->run()
CRITICAL - 2023-08-02 01:18:11 --> include(templates/footer.php): Failed to open stream: No such file or directory
in APPPATH\Views\tienda\lista.php on line 57.
 1 APPPATH\Views\tienda\lista.php(57): CodeIgniter\Debug\Exceptions->errorHandler(2, 'include(templates/footer.php): Failed to open stream: No such file or directory', 'C:\\xampp\\htdocs\\crudtienda\\app\\Views\\tienda\\lista.php', 57)
 2 APPPATH\Views\tienda\lista.php(57): include()
 3 SYSTEMPATH\View\View.php(224): include('C:\\xampp\\htdocs\\crudtienda\\app\\Views\\tienda\\lista.php')
 4 SYSTEMPATH\View\View.php(227): CodeIgniter\View\View->CodeIgniter\View\{closure}()
 5 SYSTEMPATH\Common.php(1180): CodeIgniter\View\View->render('tienda/lista', [], true)
 6 APPPATH\Controllers\C_productos.php(11): view('tienda/lista', [...])
 7 SYSTEMPATH\CodeIgniter.php(932): App\Controllers\C_productos->listar()
 8 SYSTEMPATH\CodeIgniter.php(497): CodeIgniter\CodeIgniter->runController(Object(App\Controllers\C_productos))
 9 SYSTEMPATH\CodeIgniter.php(366): CodeIgniter\CodeIgniter->handleRequest(null, Object(Config\Cache), false)
10 FCPATH\index.php(67): CodeIgniter\CodeIgniter->run()
CRITICAL - 2023-08-02 01:20:24 --> require(templates/footer.php): Failed to open stream: No such file or directory
in APPPATH\Views\tienda\lista.php on line 57.
 1 APPPATH\Views\tienda\lista.php(57): CodeIgniter\Debug\Exceptions->errorHandler(2, 'require(templates/footer.php): Failed to open stream: No such file or directory', 'C:\\xampp\\htdocs\\crudtienda\\app\\Views\\tienda\\lista.php', 57)
 2 APPPATH\Views\tienda\lista.php(57): require()
 3 SYSTEMPATH\View\View.php(224): include('C:\\xampp\\htdocs\\crudtienda\\app\\Views\\tienda\\lista.php')
 4 SYSTEMPATH\View\View.php(227): CodeIgniter\View\View->CodeIgniter\View\{closure}()
 5 SYSTEMPATH\Common.php(1180): CodeIgniter\View\View->render('tienda/lista', [], true)
 6 APPPATH\Controllers\C_productos.php(11): view('tienda/lista', [...])
 7 SYSTEMPATH\CodeIgniter.php(932): App\Controllers\C_productos->listar()
 8 SYSTEMPATH\CodeIgniter.php(497): CodeIgniter\CodeIgniter->runController(Object(App\Controllers\C_productos))
 9 SYSTEMPATH\CodeIgniter.php(366): CodeIgniter\CodeIgniter->handleRequest(null, Object(Config\Cache), false)
10 FCPATH\index.php(67): CodeIgniter\CodeIgniter->run()
CRITICAL - 2023-08-02 01:24:49 --> Undefined variable $persona
in APPPATH\Views\actualizando.php on line 17.
 1 APPPATH\Views\actualizando.php(17): CodeIgniter\Debug\Exceptions->errorHandler(2, 'Undefined variable $persona', 'C:\\xampp\\htdocs\\crudtienda\\app\\Views\\actualizando.php', 17)
 2 SYSTEMPATH\View\View.php(224): include('C:\\xampp\\htdocs\\crudtienda\\app\\Views\\actualizando.php')
 3 SYSTEMPATH\View\View.php(227): CodeIgniter\View\View->CodeIgniter\View\{closure}()
 4 SYSTEMPATH\Common.php(1180): CodeIgniter\View\View->render('actualizando', [], true)
 5 APPPATH\Controllers\C_productos.php(51): view('actualizando', [...])
 6 SYSTEMPATH\CodeIgniter.php(932): App\Controllers\C_productos->editar('10')
 7 SYSTEMPATH\CodeIgniter.php(497): CodeIgniter\CodeIgniter->runController(Object(App\Controllers\C_productos))
 8 SYSTEMPATH\CodeIgniter.php(366): CodeIgniter\CodeIgniter->handleRequest(null, Object(Config\Cache), false)
 9 FCPATH\index.php(67): CodeIgniter\CodeIgniter->run()
CRITICAL - 2023-08-02 01:38:20 --> Undefined array key "id_prod"
in APPPATH\Controllers\C_productos.php on line 61.
 1 APPPATH\Controllers\C_productos.php(61): CodeIgniter\Debug\Exceptions->errorHandler(2, 'Undefined array key "id_prod"', 'C:\\xampp\\htdocs\\crudtienda\\app\\Controllers\\C_productos.php', 61)
 2 SYSTEMPATH\CodeIgniter.php(932): App\Controllers\C_productos->actualizar()
 3 SYSTEMPATH\CodeIgniter.php(497): CodeIgniter\CodeIgniter->runController(Object(App\Controllers\C_productos))
 4 SYSTEMPATH\CodeIgniter.php(366): CodeIgniter\CodeIgniter->handleRequest(null, Object(Config\Cache), false)
 5 FCPATH\index.php(67): CodeIgniter\CodeIgniter->run()
