CRITICAL - 2023-07-21 00:23:58 --> Undefined array key "descripcion_prod"
in APPPATH\Views\tienda\lista.php on line 42.
 1 APPPATH\Views\tienda\lista.php(42): CodeIgniter\Debug\Exceptions->errorHandler(2, 'Undefined array key "descripcion_prod"', 'C:\\xampp\\htdocs\\crudtienda\\app\\Views\\tienda\\lista.php', 42)
 2 SYSTEMPATH\View\View.php(224): include('C:\\xampp\\htdocs\\crudtienda\\app\\Views\\tienda\\lista.php')
 3 SYSTEMPATH\View\View.php(227): CodeIgniter\View\View->CodeIgniter\View\{closure}()
 4 SYSTEMPATH\Common.php(1180): CodeIgniter\View\View->render('tienda/lista', [], true)
 5 APPPATH\Controllers\C_productos.php(11): view('tienda/lista', [...])
 6 SYSTEMPATH\CodeIgniter.php(932): App\Controllers\C_productos->listar()
 7 SYSTEMPATH\CodeIgniter.php(497): CodeIgniter\CodeIgniter->runController(Object(App\Controllers\C_productos))
 8 SYSTEMPATH\CodeIgniter.php(366): CodeIgniter\CodeIgniter->handleRequest(null, Object(Config\Cache), false)
 9 FCPATH\index.php(67): CodeIgniter\CodeIgniter->run()
CRITICAL - 2023-07-21 00:24:41 --> Undefined variable $per
in APPPATH\Views\tienda\lista.php on line 44.
 1 APPPATH\Views\tienda\lista.php(44): CodeIgniter\Debug\Exceptions->errorHandler(2, 'Undefined variable $per', 'C:\\xampp\\htdocs\\crudtienda\\app\\Views\\tienda\\lista.php', 44)
 2 SYSTEMPATH\View\View.php(224): include('C:\\xampp\\htdocs\\crudtienda\\app\\Views\\tienda\\lista.php')
 3 SYSTEMPATH\View\View.php(227): CodeIgniter\View\View->CodeIgniter\View\{closure}()
 4 SYSTEMPATH\Common.php(1180): CodeIgniter\View\View->render('tienda/lista', [], true)
 5 APPPATH\Controllers\C_productos.php(11): view('tienda/lista', [...])
 6 SYSTEMPATH\CodeIgniter.php(932): App\Controllers\C_productos->listar()
 7 SYSTEMPATH\CodeIgniter.php(497): CodeIgniter\CodeIgniter->runController(Object(App\Controllers\C_productos))
 8 SYSTEMPATH\CodeIgniter.php(366): CodeIgniter\CodeIgniter->handleRequest(null, Object(Config\Cache), false)
 9 FCPATH\index.php(67): CodeIgniter\CodeIgniter->run()
